VuforiaSamples-5-5-9/app/build/outputs/logs/manifest-merger-debug-report.txt
-- Merging decision tree log ---
manifest
ADDED from src/main/AndroidManifest.xml:2:1-190:12
	package
		ADDED from src/main/AndroidManifest.xml:3:5-49
		INJECTED from src/main/AndroidManifest.xml
		INJECTED from src/main/AndroidManifest.xml
	android:versionName
		ADDED from src/main/AndroidManifest.xml:5:5-30
		INJECTED from src/main/AndroidManifest.xml
		INJECTED from src/main/AndroidManifest.xml
	android:versionCode
		ADDED from src/main/AndroidManifest.xml:4:5-30
		INJECTED from src/main/AndroidManifest.xml
		INJECTED from src/main/AndroidManifest.xml
	xmlns:android
		ADDED from src/main/AndroidManifest.xml:2:11-69
uses-sdk
ADDED from src/main/AndroidManifest.xml:14:5-74
	android:targetSdkVersion
		ADDED from src/main/AndroidManifest.xml:14:42-71
		INJECTED from src/main/AndroidManifest.xml
		INJECTED from src/main/AndroidManifest.xml
	android:minSdkVersion
		ADDED from src/main/AndroidManifest.xml:14:15-41
		INJECTED from src/main/AndroidManifest.xml
		INJECTED from src/main/AndroidManifest.xml
uses-feature#0x00020000
ADDED from src/main/AndroidManifest.xml:16:5-54
	android:glEsVersion
		ADDED from src/main/AndroidManifest.xml:16:19-51
uses-feature#android.hardware.camera
ADDED from src/main/AndroidManifest.xml:32:5-60
	android:name
		ADDED from src/main/AndroidManifest.xml:32:19-57
uses-permission#android.permission.CAMERA
ADDED from src/main/AndroidManifest.xml:37:5-65
	android:name
		ADDED from src/main/AndroidManifest.xml:37:22-62
uses-permission#android.permission.INTERNET
ADDED from src/main/AndroidManifest.xml:42:5-66
	android:name
		ADDED from src/main/AndroidManifest.xml:42:22-64
uses-permission#android.permission.ACCESS_NETWORK_STATE
ADDED from src/main/AndroidManifest.xml:48:5-79
	android:name
		ADDED from src/main/AndroidManifest.xml:48:22-76
uses-permission#android.permission.READ_EXTERNAL_STORAGE
ADDED from src/main/AndroidManifest.xml:50:5-79
	android:name
		ADDED from src/main/AndroidManifest.xml:50:22-77
application
ADDED from src/main/AndroidManifest.xml:62:5-188:19
	android:label
		ADDED from src/main/AndroidManifest.xml:64:9-41
	android:launchMode
		ADDED from src/main/AndroidManifest.xml:66:9-40
	android:allowBackup
		ADDED from src/main/AndroidManifest.xml:67:9-35
	android:icon
		ADDED from src/main/AndroidManifest.xml:63:9-38
	android:description
		ADDED from src/main/AndroidManifest.xml:65:9-54
	android:theme
		ADDED from src/main/AndroidManifest.xml:68:9-47
activity#com.vuforia.samples.VuforiaSamples.ui.ActivityList.ActivitySplashScreen
ADDED from src/main/AndroidManifest.xml:87:10-94:21
	android:screenOrientation
		ADDED from src/main/AndroidManifest.xml:90:13-49
	android:noHistory
		ADDED from src/main/AndroidManifest.xml:91:13-37
	android:configChanges
		ADDED from src/main/AndroidManifest.xml:89:13-93
	android:name
		ADDED from src/main/AndroidManifest.xml:88:13-65
activity#com.vuforia.samples.VuforiaSamples.ui.ActivityList.ActivityLauncher
ADDED from src/main/AndroidManifest.xml:96:9-101:20
	android:screenOrientation
		ADDED from src/main/AndroidManifest.xml:99:13-49
	android:configChanges
		ADDED from src/main/AndroidManifest.xml:98:13-93
	android:name
		ADDED from src/main/AndroidManifest.xml:97:13-61
activity#com.vuforia.samples.VuforiaSamples.ui.ActivityList.AboutScreen
ADDED from src/main/AndroidManifest.xml:103:10-109:20
	android:screenOrientation
		ADDED from src/main/AndroidManifest.xml:106:13-49
	android:noHistory
		ADDED from src/main/AndroidManifest.xml:107:13-37
	android:configChanges
		ADDED from src/main/AndroidManifest.xml:105:13-93
	android:name
		ADDED from src/main/AndroidManifest.xml:104:13-56
activity#com.vuforia.samples.VuforiaSamples.app.ImageTargets.ImageTargets
ADDED from src/main/AndroidManifest.xml:111:9-117:20
	android:launchMode
		ADDED from src/main/AndroidManifest.xml:115:11-42
	android:configChanges
		ADDED from src/main/AndroidManifest.xml:113:13-93
	android:theme
		ADDED from src/main/AndroidManifest.xml:114:10-48
	android:name
		ADDED from src/main/AndroidManifest.xml:112:13-58
activity#com.vuforia.samples.VuforiaSamples.app.TextRecognition.TextReco
ADDED from src/main/AndroidManifest.xml:119:9-125:20
	android:launchMode
		ADDED from src/main/AndroidManifest.xml:123:12-43
	android:configChanges
		ADDED from src/main/AndroidManifest.xml:121:13-93
	android:theme
		ADDED from src/main/AndroidManifest.xml:122:10-48
	android:name
		ADDED from src/main/AndroidManifest.xml:120:13-57
activity#com.vuforia.samples.VuforiaSamples.app.CylinderTargets.CylinderTargets
ADDED from src/main/AndroidManifest.xml:127:9-133:20
	android:launchMode
		ADDED from src/main/AndroidManifest.xml:131:11-42
	android:configChanges
		ADDED from src/main/AndroidManifest.xml:129:13-93
	android:theme
		ADDED from src/main/AndroidManifest.xml:130:10-48
	android:name
		ADDED from src/main/AndroidManifest.xml:128:13-64
activity#com.vuforia.samples.VuforiaSamples.app.FrameMarkers.FrameMarkers
ADDED from src/main/AndroidManifest.xml:135:9-141:20
	android:launchMode
		ADDED from src/main/AndroidManifest.xml:139:11-42
	android:configChanges
		ADDED from src/main/AndroidManifest.xml:137:13-93
	android:theme
		ADDED from src/main/AndroidManifest.xml:138:10-48
	android:name
		ADDED from src/main/AndroidManifest.xml:136:13-58
activity#com.vuforia.samples.VuforiaSamples.app.VirtualButtons.VirtualButtons
ADDED from src/main/AndroidManifest.xml:143:9-149:20
	android:launchMode
		ADDED from src/main/AndroidManifest.xml:147:11-42
	android:configChanges
		ADDED from src/main/AndroidManifest.xml:145:13-93
	android:theme
		ADDED from src/main/AndroidManifest.xml:146:10-48
	android:name
		ADDED from src/main/AndroidManifest.xml:144:13-62
activity#com.vuforia.samples.VuforiaSamples.app.UserDefinedTargets.UserDefinedTargets
ADDED from src/main/AndroidManifest.xml:151:9-162:20
	android:launchMode
		ADDED from src/main/AndroidManifest.xml:155:11-42
	android:configChanges
		ADDED from src/main/AndroidManifest.xml:153:13-93
	android:theme
		ADDED from src/main/AndroidManifest.xml:154:10-48
	android:name
		ADDED from src/main/AndroidManifest.xml:152:13-70
intent-filter#android.intent.action.MAIN+android.intent.category.LAUNCHER
ADDED from src/main/AndroidManifest.xml:157:13-161:29
action#android.intent.action.MAIN
ADDED from src/main/AndroidManifest.xml:158:17-69
	android:name
		ADDED from src/main/AndroidManifest.xml:158:25-66
category#android.intent.category.LAUNCHER
ADDED from src/main/AndroidManifest.xml:160:17-77
	android:name
		ADDED from src/main/AndroidManifest.xml:160:27-74
activity#com.vuforia.samples.VuforiaSamples.app.MultiTargets.MultiTargets
ADDED from src/main/AndroidManifest.xml:164:9-170:20
	android:launchMode
		ADDED from src/main/AndroidManifest.xml:168:11-42
	android:configChanges
		ADDED from src/main/AndroidManifest.xml:166:13-93
	android:theme
		ADDED from src/main/AndroidManifest.xml:167:10-48
	android:name
		ADDED from src/main/AndroidManifest.xml:165:13-58
activity#com.vuforia.samples.VuforiaSamples.app.CloudRecognition.CloudReco
ADDED from src/main/AndroidManifest.xml:172:9-178:20
	android:launchMode
		ADDED from src/main/AndroidManifest.xml:176:11-42
	android:configChanges
		ADDED from src/main/AndroidManifest.xml:174:13-93
	android:theme
		ADDED from src/main/AndroidManifest.xml:175:10-48
	android:name
		ADDED from src/main/AndroidManifest.xml:173:13-59
activity#com.vuforia.samples.VuforiaSamples.app.ObjectRecognition.ObjectTargets
ADDED from src/main/AndroidManifest.xml:180:9-186:20
	android:launchMode
		ADDED from src/main/AndroidManifest.xml:184:11-42
	android:configChanges
		ADDED from src/main/AndroidManifest.xml:182:13-93
	android:theme
		ADDED from src/main/AndroidManifest.xml:183:10-48
	android:name
		ADDED from src/main/AndroidManifest.xml:181:13-64